Analysis & Synthesis report for cme_341_microprocessor
Tue Dec 01 18:47:06 2020
Quartus Prime Version 18.1.0 Build 625 09/12/2018 SJ Lite Edition


---------------------
; Table of Contents ;
---------------------
  1. Legal Notice
  2. Analysis & Synthesis Summary
  3. Analysis & Synthesis Settings
  4. Parallel Compilation
  5. Analysis & Synthesis Source Files Read
  6. Analysis & Synthesis Resource Usage Summary
  7. Analysis & Synthesis Resource Utilization by Entity
  8. Analysis & Synthesis RAM Summary
  9. Analysis & Synthesis IP Cores Summary
 10. User-Specified and Inferred Latches
 11. General Register Statistics
 12. Multiplexer Restructuring Statistics (Restructuring Performed)
 13. Source assignments for program_memory:prog_mem|altsyncram:altsyncram_component|altsyncram_cl91:auto_generated
 14. Source assignments for data_memory:data_mem|altsyncram:altsyncram_component|altsyncram_6vh1:auto_generated
 15. Parameter Settings for User Entity Instance: program_memory:prog_mem|altsyncram:altsyncram_component
 16. Parameter Settings for User Entity Instance: data_memory:data_mem|altsyncram:altsyncram_component
 17. Parameter Settings for Inferred Entity Instance: computational_unit:comp_unit|lpm_mult:Mult0
 18. altsyncram Parameter Settings by Entity Instance
 19. lpm_mult Parameter Settings by Entity Instance
 20. Post-Synthesis Netlist Statistics for Top Partition
 21. Elapsed Time Per Partition
 22. Analysis & Synthesis Messages
 23. Analysis & Synthesis Suppressed Messages



----------------
; Legal Notice ;
----------------
Copyright (C) 2018  Intel Corporation. All rights reserved.
Your use of Intel Corporation's design tools, logic functions 
and other software and tools, and its AMPP partner logic 
functions, and any output files from any of the foregoing 
(including device programming or simulation files), and any 
associated documentation or information are expressly subject 
to the terms and conditions of the Intel Program License 
Subscription Agreement, the Intel Quartus Prime License Agreement,
the Intel FPGA IP License Agreement, or other applicable license
agreement, including, without limitation, that your use is for
the sole purpose of programming logic devices manufactured by
Intel and sold by Intel or its authorized distributors.  Please
refer to the applicable agreement for further details.



+----------------------------------------------------------------------------------+
; Analysis & Synthesis Summary                                                     ;
+------------------------------------+---------------------------------------------+
; Analysis & Synthesis Status        ; Successful - Tue Dec 01 18:47:06 2020       ;
; Quartus Prime Version              ; 18.1.0 Build 625 09/12/2018 SJ Lite Edition ;
; Revision Name                      ; cme_341_microprocessor                      ;
; Top-level Entity Name              ; cme_341_microprocessor                      ;
; Family                             ; Cyclone IV E                                ;
; Total logic elements               ; 202                                         ;
;     Total combinational functions  ; 173                                         ;
;     Dedicated logic registers      ; 50                                          ;
; Total registers                    ; 50                                          ;
; Total pins                         ; 43                                          ;
; Total virtual pins                 ; 0                                           ;
; Total memory bits                  ; 2,112                                       ;
; Embedded Multiplier 9-bit elements ; 0                                           ;
; Total PLLs                         ; 0                                           ;
+------------------------------------+---------------------------------------------+


+--------------------------------------------------------------------------------------------------------------------+
; Analysis & Synthesis Settings                                                                                      ;
+------------------------------------------------------------------+------------------------+------------------------+
; Option                                                           ; Setting                ; Default Value          ;
+------------------------------------------------------------------+------------------------+------------------------+
; Device                                                           ; EP4CE115F29C7          ;                        ;
; Top-level entity name                                            ; cme_341_microprocessor ; cme_341_microprocessor ;
; Family name                                                      ; Cyclone IV E           ; Cyclone V              ;
; Use smart compilation                                            ; Off                    ; Off                    ;
; Enable parallel Assembler and Timing Analyzer during compilation ; On                     ; On                     ;
; Enable compact report table                                      ; Off                    ; Off                    ;
; Restructure Multiplexers                                         ; Auto                   ; Auto                   ;
; Create Debugging Nodes for IP Cores                              ; Off                    ; Off                    ;
; Preserve fewer node names                                        ; On                     ; On                     ;
; Intel FPGA IP Evaluation Mode                                    ; Enable                 ; Enable                 ;
; Verilog Version                                                  ; Verilog_2001           ; Verilog_2001           ;
; VHDL Version                                                     ; VHDL_1993              ; VHDL_1993              ;
; State Machine Processing                                         ; Auto                   ; Auto                   ;
; Safe State Machine                                               ; Off                    ; Off                    ;
; Extract Verilog State Machines                                   ; On                     ; On                     ;
; Extract VHDL State Machines                                      ; On                     ; On                     ;
; Ignore Verilog initial constructs                                ; Off                    ; Off                    ;
; Iteration limit for constant Verilog loops                       ; 5000                   ; 5000                   ;
; Iteration limit for non-constant Verilog loops                   ; 250                    ; 250                    ;
; Add Pass-Through Logic to Inferred RAMs                          ; On                     ; On                     ;
; Infer RAMs from Raw Logic                                        ; On                     ; On                     ;
; Parallel Synthesis                                               ; On                     ; On                     ;
; DSP Block Balancing                                              ; Auto                   ; Auto                   ;
; NOT Gate Push-Back                                               ; On                     ; On                     ;
; Power-Up Don't Care                                              ; On                     ; On                     ;
; Remove Redundant Logic Cells                                     ; Off                    ; Off                    ;
; Remove Duplicate Registers                                       ; On                     ; On                     ;
; Ignore CARRY Buffers                                             ; Off                    ; Off                    ;
; Ignore CASCADE Buffers                                           ; Off                    ; Off                    ;
; Ignore GLOBAL Buffers                                            ; Off                    ; Off                    ;
; Ignore ROW GLOBAL Buffers                                        ; Off                    ; Off                    ;
; Ignore LCELL Buffers                                             ; Off                    ; Off                    ;
; Ignore SOFT Buffers                                              ; On                     ; On                     ;
; Limit AHDL Integers to 32 Bits                                   ; Off                    ; Off                    ;
; Optimization Technique                                           ; Balanced               ; Balanced               ;
; Carry Chain Length                                               ; 70                     ; 70                     ;
; Auto Carry Chains                                                ; On                     ; On                     ;
; Auto Open-Drain Pins                                             ; On                     ; On                     ;
; Perform WYSIWYG Primitive Resynthesis                            ; Off                    ; Off                    ;
; Auto ROM Replacement                                             ; On                     ; On                     ;
; Auto RAM Replacement                                             ; On                     ; On                     ;
; Auto DSP Block Replacement                                       ; On                     ; On                     ;
; Auto Shift Register Replacement                                  ; Auto                   ; Auto                   ;
; Allow Shift Register Merging across Hierarchies                  ; Auto                   ; Auto                   ;
; Auto Clock Enable Replacement                                    ; On                     ; On                     ;
; Strict RAM Replacement                                           ; Off                    ; Off                    ;
; Allow Synchronous Control Signals                                ; On                     ; On                     ;
; Force Use of Synchronous Clear Signals                           ; Off                    ; Off                    ;
; Auto RAM Block Balancing                                         ; On                     ; On                     ;
; Auto RAM to Logic Cell Conversion                                ; Off                    ; Off                    ;
; Auto Resource Sharing                                            ; Off                    ; Off                    ;
; Allow Any RAM Size For Recognition                               ; Off                    ; Off                    ;
; Allow Any ROM Size For Recognition                               ; Off                    ; Off                    ;
; Allow Any Shift Register Size For Recognition                    ; Off                    ; Off                    ;
; Use LogicLock Constraints during Resource Balancing              ; On                     ; On                     ;
; Ignore translate_off and synthesis_off directives                ; Off                    ; Off                    ;
; Timing-Driven Synthesis                                          ; On                     ; On                     ;
; Report Parameter Settings                                        ; On                     ; On                     ;
; Report Source Assignments                                        ; On                     ; On                     ;
; Report Connectivity Checks                                       ; On                     ; On                     ;
; Ignore Maximum Fan-Out Assignments                               ; Off                    ; Off                    ;
; Synchronization Register Chain Length                            ; 2                      ; 2                      ;
; Power Optimization During Synthesis                              ; Normal compilation     ; Normal compilation     ;
; HDL message level                                                ; Level2                 ; Level2                 ;
; Suppress Register Optimization Related Messages                  ; Off                    ; Off                    ;
; Number of Removed Registers Reported in Synthesis Report         ; 5000                   ; 5000                   ;
; Number of Swept Nodes Reported in Synthesis Report               ; 5000                   ; 5000                   ;
; Number of Inverted Registers Reported in Synthesis Report        ; 100                    ; 100                    ;
; Clock MUX Protection                                             ; On                     ; On                     ;
; Auto Gated Clock Conversion                                      ; Off                    ; Off                    ;
; Block Design Naming                                              ; Auto                   ; Auto                   ;
; SDC constraint protection                                        ; Off                    ; Off                    ;
; Synthesis Effort                                                 ; Auto                   ; Auto                   ;
; Shift Register Replacement - Allow Asynchronous Clear Signal     ; On                     ; On                     ;
; Pre-Mapping Resynthesis Optimization                             ; Off                    ; Off                    ;
; Analysis & Synthesis Message Level                               ; Medium                 ; Medium                 ;
; Disable Register Merging Across Hierarchies                      ; Auto                   ; Auto                   ;
; Resource Aware Inference For Block RAM                           ; On                     ; On                     ;
+------------------------------------------------------------------+------------------------+------------------------+


+------------------------------------------+
; Parallel Compilation                     ;
+----------------------------+-------------+
; Processors                 ; Number      ;
+----------------------------+-------------+
; Number detected on machine ; 4           ;
; Maximum allowed            ; 4           ;
;                            ;             ;
; Average used               ; 1.00        ;
; Maximum used               ; 4           ;
;                            ;             ;
; Usage by Processor         ; % Time Used ;
;     Processor 1            ; 100.0%      ;
;     Processor 2            ;   0.0%      ;
;     Processors 3-4         ;   0.0%      ;
+----------------------------+-------------+


+-------------------------------------------------------------------------------------------------------------------------------------------------------------------------------------+
; Analysis & Synthesis Source Files Read                                                                                                                                              ;
+----------------------------------+-----------------+---------------------------------------+------------------------------------------------------------------------------+---------+
; File Name with User-Entered Path ; Used in Netlist ; File Type                             ; File Name with Absolute Path                                                 ; Library ;
+----------------------------------+-----------------+---------------------------------------+------------------------------------------------------------------------------+---------+
; program_sequencer.sv             ; yes             ; User SystemVerilog HDL File           ; C:/uni_folder/cme341/cme_341_microprocessor/program_sequencer.sv             ;         ;
; instruction_decoder.sv           ; yes             ; User SystemVerilog HDL File           ; C:/uni_folder/cme341/cme_341_microprocessor/instruction_decoder.sv           ;         ;
; data_memory.v                    ; yes             ; User Wizard-Generated File            ; C:/uni_folder/cme341/cme_341_microprocessor/data_memory.v                    ;         ;
; computational_unit.sv            ; yes             ; User SystemVerilog HDL File           ; C:/uni_folder/cme341/cme_341_microprocessor/computational_unit.sv            ;         ;
; cme_341_microprocessor.sv        ; yes             ; User SystemVerilog HDL File           ; C:/uni_folder/cme341/cme_341_microprocessor/cme_341_microprocessor.sv        ;         ;
; rom.hex                          ; yes             ; User Hexadecimal (Intel-Format) File  ; C:/uni_folder/cme341/cme_341_microprocessor/rom.hex                          ;         ;
; program_memory.v                 ; yes             ; User Wizard-Generated File            ; C:/uni_folder/cme341/cme_341_microprocessor/program_memory.v                 ;         ;
; altsyncram.tdf                   ; yes             ; Megafunction                          ; c:/intelfpga_lite/18.1/quartus/libraries/megafunctions/altsyncram.tdf        ;         ;
; stratix_ram_block.inc            ; yes             ; Megafunction                          ; c:/intelfpga_lite/18.1/quartus/libraries/megafunctions/stratix_ram_block.inc ;         ;
; lpm_mux.inc                      ; yes             ; Megafunction                          ; c:/intelfpga_lite/18.1/quartus/libraries/megafunctions/lpm_mux.inc           ;         ;
; lpm_decode.inc                   ; yes             ; Megafunction                          ; c:/intelfpga_lite/18.1/quartus/libraries/megafunctions/lpm_decode.inc        ;         ;
; aglobal181.inc                   ; yes             ; Megafunction                          ; c:/intelfpga_lite/18.1/quartus/libraries/megafunctions/aglobal181.inc        ;         ;
; a_rdenreg.inc                    ; yes             ; Megafunction                          ; c:/intelfpga_lite/18.1/quartus/libraries/megafunctions/a_rdenreg.inc         ;         ;
; altrom.inc                       ; yes             ; Megafunction                          ; c:/intelfpga_lite/18.1/quartus/libraries/megafunctions/altrom.inc            ;         ;
; altram.inc                       ; yes             ; Megafunction                          ; c:/intelfpga_lite/18.1/quartus/libraries/megafunctions/altram.inc            ;         ;
; altdpram.inc                     ; yes             ; Megafunction                          ; c:/intelfpga_lite/18.1/quartus/libraries/megafunctions/altdpram.inc          ;         ;
; db/altsyncram_cl91.tdf           ; yes             ; Auto-Generated Megafunction           ; C:/uni_folder/cme341/cme_341_microprocessor/db/altsyncram_cl91.tdf           ;         ;
; db/altsyncram_6vh1.tdf           ; yes             ; Auto-Generated Megafunction           ; C:/uni_folder/cme341/cme_341_microprocessor/db/altsyncram_6vh1.tdf           ;         ;
; lpm_mult.tdf                     ; yes             ; Megafunction                          ; c:/intelfpga_lite/18.1/quartus/libraries/megafunctions/lpm_mult.tdf          ;         ;
; lpm_add_sub.inc                  ; yes             ; Megafunction                          ; c:/intelfpga_lite/18.1/quartus/libraries/megafunctions/lpm_add_sub.inc       ;         ;
; multcore.inc                     ; yes             ; Megafunction                          ; c:/intelfpga_lite/18.1/quartus/libraries/megafunctions/multcore.inc          ;         ;
; bypassff.inc                     ; yes             ; Megafunction                          ; c:/intelfpga_lite/18.1/quartus/libraries/megafunctions/bypassff.inc          ;         ;
; altshift.inc                     ; yes             ; Megafunction                          ; c:/intelfpga_lite/18.1/quartus/libraries/megafunctions/altshift.inc          ;         ;
; db/mult_j8t.tdf                  ; yes             ; Auto-Generated Megafunction           ; C:/uni_folder/cme341/cme_341_microprocessor/db/mult_j8t.tdf                  ;         ;
+----------------------------------+-----------------+---------------------------------------+------------------------------------------------------------------------------+---------+


+---------------------------------------------------------+
; Analysis & Synthesis Resource Usage Summary             ;
+---------------------------------------------+-----------+
; Resource                                    ; Usage     ;
+---------------------------------------------+-----------+
; Estimated Total logic elements              ; 202       ;
;                                             ;           ;
; Total combinational functions               ; 173       ;
; Logic element usage by number of LUT inputs ;           ;
;     -- 4 input functions                    ; 105       ;
;     -- 3 input functions                    ; 45        ;
;     -- <=2 input functions                  ; 23        ;
;                                             ;           ;
; Logic elements by mode                      ;           ;
;     -- normal mode                          ; 145       ;
;     -- arithmetic mode                      ; 28        ;
;                                             ;           ;
; Total registers                             ; 50        ;
;     -- Dedicated logic registers            ; 50        ;
;     -- I/O registers                        ; 0         ;
;                                             ;           ;
; I/O pins                                    ; 43        ;
; Total memory bits                           ; 2112      ;
;                                             ;           ;
; Embedded Multiplier 9-bit elements          ; 0         ;
;                                             ;           ;
; Maximum fan-out node                        ; clk~input ;
; Maximum fan-out                             ; 62        ;
; Total fan-out                               ; 922       ;
; Average fan-out                             ; 2.87      ;
+---------------------------------------------+-----------+


+-------------------------------------------------------------------------------------------------------------------------------------------------------------------------------------------------------------------------------------------------------------------------------------------------------------------------------+
; Analysis & Synthesis Resource Utilization by Entity                                                                                                                                                                                                                                                                           ;
+-------------------------------------------+---------------------+---------------------------+-------------+--------------+---------+-----------+------+--------------+----------------------------------------------------------------------------------------------------------------+------------------------+--------------+
; Compilation Hierarchy Node                ; Combinational ALUTs ; Dedicated Logic Registers ; Memory Bits ; DSP Elements ; DSP 9x9 ; DSP 18x18 ; Pins ; Virtual Pins ; Full Hierarchy Name                                                                                            ; Entity Name            ; Library Name ;
+-------------------------------------------+---------------------+---------------------------+-------------+--------------+---------+-----------+------+--------------+----------------------------------------------------------------------------------------------------------------+------------------------+--------------+
; |cme_341_microprocessor                   ; 173 (0)             ; 50 (1)                    ; 2112        ; 0            ; 0       ; 0         ; 43   ; 0            ; |cme_341_microprocessor                                                                                        ; cme_341_microprocessor ; work         ;
;    |computational_unit:comp_unit|         ; 118 (85)            ; 33 (33)                   ; 0           ; 0            ; 0       ; 0         ; 0    ; 0            ; |cme_341_microprocessor|computational_unit:comp_unit                                                           ; computational_unit     ; work         ;
;       |lpm_mult:Mult0|                    ; 33 (0)              ; 0 (0)                     ; 0           ; 0            ; 0       ; 0         ; 0    ; 0            ; |cme_341_microprocessor|computational_unit:comp_unit|lpm_mult:Mult0                                            ; lpm_mult               ; work         ;
;          |mult_j8t:auto_generated|        ; 33 (33)             ; 0 (0)                     ; 0           ; 0            ; 0       ; 0         ; 0    ; 0            ; |cme_341_microprocessor|computational_unit:comp_unit|lpm_mult:Mult0|mult_j8t:auto_generated                    ; mult_j8t               ; work         ;
;    |data_memory:data_mem|                 ; 0 (0)               ; 0 (0)                     ; 64          ; 0            ; 0       ; 0         ; 0    ; 0            ; |cme_341_microprocessor|data_memory:data_mem                                                                   ; data_memory            ; work         ;
;       |altsyncram:altsyncram_component|   ; 0 (0)               ; 0 (0)                     ; 64          ; 0            ; 0       ; 0         ; 0    ; 0            ; |cme_341_microprocessor|data_memory:data_mem|altsyncram:altsyncram_component                                   ; altsyncram             ; work         ;
;          |altsyncram_6vh1:auto_generated| ; 0 (0)               ; 0 (0)                     ; 64          ; 0            ; 0       ; 0         ; 0    ; 0            ; |cme_341_microprocessor|data_memory:data_mem|altsyncram:altsyncram_component|altsyncram_6vh1:auto_generated    ; altsyncram_6vh1        ; work         ;
;    |instruction_decoder:instr_decoder|    ; 37 (37)             ; 8 (8)                     ; 0           ; 0            ; 0       ; 0         ; 0    ; 0            ; |cme_341_microprocessor|instruction_decoder:instr_decoder                                                      ; instruction_decoder    ; work         ;
;    |program_memory:prog_mem|              ; 0 (0)               ; 0 (0)                     ; 2048        ; 0            ; 0       ; 0         ; 0    ; 0            ; |cme_341_microprocessor|program_memory:prog_mem                                                                ; program_memory         ; work         ;
;       |altsyncram:altsyncram_component|   ; 0 (0)               ; 0 (0)                     ; 2048        ; 0            ; 0       ; 0         ; 0    ; 0            ; |cme_341_microprocessor|program_memory:prog_mem|altsyncram:altsyncram_component                                ; altsyncram             ; work         ;
;          |altsyncram_cl91:auto_generated| ; 0 (0)               ; 0 (0)                     ; 2048        ; 0            ; 0       ; 0         ; 0    ; 0            ; |cme_341_microprocessor|program_memory:prog_mem|altsyncram:altsyncram_component|altsyncram_cl91:auto_generated ; altsyncram_cl91        ; work         ;
;    |program_sequencer:prog_sequencer|     ; 18 (18)             ; 8 (8)                     ; 0           ; 0            ; 0       ; 0         ; 0    ; 0            ; |cme_341_microprocessor|program_sequencer:prog_sequencer                                                       ; program_sequencer      ; work         ;
+-------------------------------------------+---------------------+---------------------------+-------------+--------------+---------+-----------+------+--------------+----------------------------------------------------------------------------------------------------------------+------------------------+--------------+
Note: For table entries with two numbers listed, the numbers in parentheses indicate the number of resources of the given type used by the specific entity alone. The numbers listed outside of parentheses indicate the total resources of the given type used by the specific entity and all of its sub-entities in the hierarchy.


+-----------------------------------------------------------------------------------------------------------------------------------------------------------------------------------------------------+
; Analysis & Synthesis RAM Summary                                                                                                                                                                    ;
+---------------------------------------------------------------------------------------------------+------+-------------+--------------+--------------+--------------+--------------+------+---------+
; Name                                                                                              ; Type ; Mode        ; Port A Depth ; Port A Width ; Port B Depth ; Port B Width ; Size ; MIF     ;
+---------------------------------------------------------------------------------------------------+------+-------------+--------------+--------------+--------------+--------------+------+---------+
; data_memory:data_mem|altsyncram:altsyncram_component|altsyncram_6vh1:auto_generated|ALTSYNCRAM    ; M9K  ; Single Port ; 16           ; 4            ; --           ; --           ; 64   ; None    ;
; program_memory:prog_mem|altsyncram:altsyncram_component|altsyncram_cl91:auto_generated|ALTSYNCRAM ; AUTO ; ROM         ; 256          ; 8            ; --           ; --           ; 2048 ; rom.hex ;
+---------------------------------------------------------------------------------------------------+------+-------------+--------------+--------------+--------------+--------------+------+---------+


+------------------------------------------------------------------------------------------------------------------------------------+
; Analysis & Synthesis IP Cores Summary                                                                                              ;
+--------+--------------+---------+--------------+--------------+-------------------------------------------------+------------------+
; Vendor ; IP Core Name ; Version ; Release Date ; License Type ; Entity Instance                                 ; IP Include File  ;
+--------+--------------+---------+--------------+--------------+-------------------------------------------------+------------------+
; Altera ; RAM: 1-PORT  ; 18.1    ; N/A          ; N/A          ; |cme_341_microprocessor|data_memory:data_mem    ; data_memory.v    ;
; Altera ; ROM: 1-PORT  ; 18.1    ; N/A          ; N/A          ; |cme_341_microprocessor|program_memory:prog_mem ; program_memory.v ;
+--------+--------------+---------+--------------+--------------+-------------------------------------------------+------------------+


+------------------------------------------------------------------------------------------------------------------------+
; User-Specified and Inferred Latches                                                                                    ;
+----------------------------------------------------+------------------------------------------+------------------------+
; Latch Name                                         ; Latch Enable Signal                      ; Free of Timing Hazards ;
+----------------------------------------------------+------------------------------------------+------------------------+
; instruction_decoder:instr_decoder|y_sel            ; instruction_decoder:instr_decoder|Equal2 ; yes                    ;
; instruction_decoder:instr_decoder|x_sel            ; instruction_decoder:instr_decoder|Equal2 ; yes                    ;
; Number of user-specified and inferred latches = 2  ;                                          ;                        ;
+----------------------------------------------------+------------------------------------------+------------------------+
Note: All latches listed above may not be present at the end of synthesis due to various synthesis optimizations.


+------------------------------------------------------+
; General Register Statistics                          ;
+----------------------------------------------+-------+
; Statistic                                    ; Value ;
+----------------------------------------------+-------+
; Total registers                              ; 50    ;
; Number of registers using Synchronous Clear  ; 0     ;
; Number of registers using Synchronous Load   ; 5     ;
; Number of registers using Asynchronous Clear ; 0     ;
; Number of registers using Asynchronous Load  ; 0     ;
; Number of registers using Clock Enable       ; 33    ;
; Number of registers using Preset             ; 0     ;
+----------------------------------------------+-------+


+---------------------------------------------------------------------------------------------------------------------------------------------------------------------------------------+
; Multiplexer Restructuring Statistics (Restructuring Performed)                                                                                                                        ;
+--------------------+-----------+---------------+----------------------+------------------------+------------+-------------------------------------------------------------------------+
; Multiplexer Inputs ; Bus Width ; Baseline Area ; Area if Restructured ; Saving if Restructured ; Registered ; Example Multiplexer Output                                              ;
+--------------------+-----------+---------------+----------------------+------------------------+------------+-------------------------------------------------------------------------+
; 3:1                ; 4 bits    ; 8 LEs         ; 8 LEs                ; 0 LEs                  ; No         ; |cme_341_microprocessor|program_sequencer:prog_sequencer|pm_addr[4]     ;
; 5:1                ; 3 bits    ; 9 LEs         ; 9 LEs                ; 0 LEs                  ; No         ; |cme_341_microprocessor|instruction_decoder:instr_decoder|source_sel[0] ;
; 16:1               ; 4 bits    ; 40 LEs        ; 28 LEs               ; 12 LEs                 ; No         ; |cme_341_microprocessor|computational_unit:comp_unit|Mux3               ;
; 11:1               ; 3 bits    ; 21 LEs        ; 18 LEs               ; 3 LEs                  ; No         ; |cme_341_microprocessor|computational_unit:comp_unit|alu_out[1]         ;
+--------------------+-----------+---------------+----------------------+------------------------+------------+-------------------------------------------------------------------------+


+---------------------------------------------------------------------------------------------------------------+
; Source assignments for program_memory:prog_mem|altsyncram:altsyncram_component|altsyncram_cl91:auto_generated ;
+---------------------------------+--------------------+------+-------------------------------------------------+
; Assignment                      ; Value              ; From ; To                                              ;
+---------------------------------+--------------------+------+-------------------------------------------------+
; OPTIMIZE_POWER_DURING_SYNTHESIS ; NORMAL_COMPILATION ; -    ; -                                               ;
+---------------------------------+--------------------+------+-------------------------------------------------+


+------------------------------------------------------------------------------------------------------------+
; Source assignments for data_memory:data_mem|altsyncram:altsyncram_component|altsyncram_6vh1:auto_generated ;
+---------------------------------+--------------------+------+----------------------------------------------+
; Assignment                      ; Value              ; From ; To                                           ;
+---------------------------------+--------------------+------+----------------------------------------------+
; OPTIMIZE_POWER_DURING_SYNTHESIS ; NORMAL_COMPILATION ; -    ; -                                            ;
+---------------------------------+--------------------+------+----------------------------------------------+


+------------------------------------------------------------------------------------------------------+
; Parameter Settings for User Entity Instance: program_memory:prog_mem|altsyncram:altsyncram_component ;
+------------------------------------+----------------------+------------------------------------------+
; Parameter Name                     ; Value                ; Type                                     ;
+------------------------------------+----------------------+------------------------------------------+
; BYTE_SIZE_BLOCK                    ; 8                    ; Untyped                                  ;
; AUTO_CARRY_CHAINS                  ; ON                   ; AUTO_CARRY                               ;
; IGNORE_CARRY_BUFFERS               ; OFF                  ; IGNORE_CARRY                             ;
; AUTO_CASCADE_CHAINS                ; ON                   ; AUTO_CASCADE                             ;
; IGNORE_CASCADE_BUFFERS             ; OFF                  ; IGNORE_CASCADE                           ;
; WIDTH_BYTEENA                      ; 1                    ; Untyped                                  ;
; OPERATION_MODE                     ; ROM                  ; Untyped                                  ;
; WIDTH_A                            ; 8                    ; Signed Integer                           ;
; WIDTHAD_A                          ; 8                    ; Signed Integer                           ;
; NUMWORDS_A                         ; 256                  ; Signed Integer                           ;
; OUTDATA_REG_A                      ; UNREGISTERED         ; Untyped                                  ;
; ADDRESS_ACLR_A                     ; NONE                 ; Untyped                                  ;
; OUTDATA_ACLR_A                     ; NONE                 ; Untyped                                  ;
; WRCONTROL_ACLR_A                   ; NONE                 ; Untyped                                  ;
; INDATA_ACLR_A                      ; NONE                 ; Untyped                                  ;
; BYTEENA_ACLR_A                     ; NONE                 ; Untyped                                  ;
; WIDTH_B                            ; 1                    ; Untyped                                  ;
; WIDTHAD_B                          ; 1                    ; Untyped                                  ;
; NUMWORDS_B                         ; 1                    ; Untyped                                  ;
; INDATA_REG_B                       ; CLOCK1               ; Untyped                                  ;
; WRCONTROL_WRADDRESS_REG_B          ; CLOCK1               ; Untyped                                  ;
; RDCONTROL_REG_B                    ; CLOCK1               ; Untyped                                  ;
; ADDRESS_REG_B                      ; CLOCK1               ; Untyped                                  ;
; OUTDATA_REG_B                      ; UNREGISTERED         ; Untyped                                  ;
; BYTEENA_REG_B                      ; CLOCK1               ; Untyped                                  ;
; INDATA_ACLR_B                      ; NONE                 ; Untyped                                  ;
; WRCONTROL_ACLR_B                   ; NONE                 ; Untyped                                  ;
; ADDRESS_ACLR_B                     ; NONE                 ; Untyped                                  ;
; OUTDATA_ACLR_B                     ; NONE                 ; Untyped                                  ;
; RDCONTROL_ACLR_B                   ; NONE                 ; Untyped                                  ;
; BYTEENA_ACLR_B                     ; NONE                 ; Untyped                                  ;
; WIDTH_BYTEENA_A                    ; 1                    ; Signed Integer                           ;
; WIDTH_BYTEENA_B                    ; 1                    ; Untyped                                  ;
; RAM_BLOCK_TYPE                     ; AUTO                 ; Untyped                                  ;
; BYTE_SIZE                          ; 8                    ; Untyped                                  ;
; READ_DURING_WRITE_MODE_MIXED_PORTS ; DONT_CARE            ; Untyped                                  ;
; READ_DURING_WRITE_MODE_PORT_A      ; NEW_DATA_NO_NBE_READ ; Untyped                                  ;
; READ_DURING_WRITE_MODE_PORT_B      ; NEW_DATA_NO_NBE_READ ; Untyped                                  ;
; INIT_FILE                          ; rom.hex              ; Untyped                                  ;
; INIT_FILE_LAYOUT                   ; PORT_A               ; Untyped                                  ;
; MAXIMUM_DEPTH                      ; 0                    ; Untyped                                  ;
; CLOCK_ENABLE_INPUT_A               ; BYPASS               ; Untyped                                  ;
; CLOCK_ENABLE_INPUT_B               ; NORMAL               ; Untyped                                  ;
; CLOCK_ENABLE_OUTPUT_A              ; BYPASS               ; Untyped                                  ;
; CLOCK_ENABLE_OUTPUT_B              ; NORMAL               ; Untyped                                  ;
; CLOCK_ENABLE_CORE_A                ; USE_INPUT_CLKEN      ; Untyped                                  ;
; CLOCK_ENABLE_CORE_B                ; USE_INPUT_CLKEN      ; Untyped                                  ;
; ENABLE_ECC                         ; FALSE                ; Untyped                                  ;
; ECC_PIPELINE_STAGE_ENABLED         ; FALSE                ; Untyped                                  ;
; WIDTH_ECCSTATUS                    ; 3                    ; Untyped                                  ;
; DEVICE_FAMILY                      ; Cyclone IV E         ; Untyped                                  ;
; CBXI_PARAMETER                     ; altsyncram_cl91      ; Untyped                                  ;
+------------------------------------+----------------------+------------------------------------------+
Note: In order to hide this table in the UI and the text report file, please set the "Show Parameter Settings in Synthesis Report" option in "Analysis and Synthesis Settings -> More Settings" to "Off".


+---------------------------------------------------------------------------------------------------+
; Parameter Settings for User Entity Instance: data_memory:data_mem|altsyncram:altsyncram_component ;
+------------------------------------+----------------------+---------------------------------------+
; Parameter Name                     ; Value                ; Type                                  ;
+------------------------------------+----------------------+---------------------------------------+
; BYTE_SIZE_BLOCK                    ; 8                    ; Untyped                               ;
; AUTO_CARRY_CHAINS                  ; ON                   ; AUTO_CARRY                            ;
; IGNORE_CARRY_BUFFERS               ; OFF                  ; IGNORE_CARRY                          ;
; AUTO_CASCADE_CHAINS                ; ON                   ; AUTO_CASCADE                          ;
; IGNORE_CASCADE_BUFFERS             ; OFF                  ; IGNORE_CASCADE                        ;
; WIDTH_BYTEENA                      ; 1                    ; Untyped                               ;
; OPERATION_MODE                     ; SINGLE_PORT          ; Untyped                               ;
; WIDTH_A                            ; 4                    ; Signed Integer                        ;
; WIDTHAD_A                          ; 4                    ; Signed Integer                        ;
; NUMWORDS_A                         ; 16                   ; Signed Integer                        ;
; OUTDATA_REG_A                      ; UNREGISTERED         ; Untyped                               ;
; ADDRESS_ACLR_A                     ; NONE                 ; Untyped                               ;
; OUTDATA_ACLR_A                     ; NONE                 ; Untyped                               ;
; WRCONTROL_ACLR_A                   ; NONE                 ; Untyped                               ;
; INDATA_ACLR_A                      ; NONE                 ; Untyped                               ;
; BYTEENA_ACLR_A                     ; NONE                 ; Untyped                               ;
; WIDTH_B                            ; 1                    ; Untyped                               ;
; WIDTHAD_B                          ; 1                    ; Untyped                               ;
; NUMWORDS_B                         ; 1                    ; Untyped                               ;
; INDATA_REG_B                       ; CLOCK1               ; Untyped                               ;
; WRCONTROL_WRADDRESS_REG_B          ; CLOCK1               ; Untyped                               ;
; RDCONTROL_REG_B                    ; CLOCK1               ; Untyped                               ;
; ADDRESS_REG_B                      ; CLOCK1               ; Untyped                               ;
; OUTDATA_REG_B                      ; UNREGISTERED         ; Untyped                               ;
; BYTEENA_REG_B                      ; CLOCK1               ; Untyped                               ;
; INDATA_ACLR_B                      ; NONE                 ; Untyped                               ;
; WRCONTROL_ACLR_B                   ; NONE                 ; Untyped                               ;
; ADDRESS_ACLR_B                     ; NONE                 ; Untyped                               ;
; OUTDATA_ACLR_B                     ; NONE                 ; Untyped                               ;
; RDCONTROL_ACLR_B                   ; NONE                 ; Untyped                               ;
; BYTEENA_ACLR_B                     ; NONE                 ; Untyped                               ;
; WIDTH_BYTEENA_A                    ; 1                    ; Signed Integer                        ;
; WIDTH_BYTEENA_B                    ; 1                    ; Untyped                               ;
; RAM_BLOCK_TYPE                     ; M9K                  ; Untyped                               ;
; BYTE_SIZE                          ; 8                    ; Untyped                               ;
; READ_DURING_WRITE_MODE_MIXED_PORTS ; DONT_CARE            ; Untyped                               ;
; READ_DURING_WRITE_MODE_PORT_A      ; NEW_DATA_NO_NBE_READ ; Untyped                               ;
; READ_DURING_WRITE_MODE_PORT_B      ; NEW_DATA_NO_NBE_READ ; Untyped                               ;
; INIT_FILE                          ; UNUSED               ; Untyped                               ;
; INIT_FILE_LAYOUT                   ; PORT_A               ; Untyped                               ;
; MAXIMUM_DEPTH                      ; 0                    ; Untyped                               ;
; CLOCK_ENABLE_INPUT_A               ; BYPASS               ; Untyped                               ;
; CLOCK_ENABLE_INPUT_B               ; NORMAL               ; Untyped                               ;
; CLOCK_ENABLE_OUTPUT_A              ; BYPASS               ; Untyped                               ;
; CLOCK_ENABLE_OUTPUT_B              ; NORMAL               ; Untyped                               ;
; CLOCK_ENABLE_CORE_A                ; USE_INPUT_CLKEN      ; Untyped                               ;
; CLOCK_ENABLE_CORE_B                ; USE_INPUT_CLKEN      ; Untyped                               ;
; ENABLE_ECC                         ; FALSE                ; Untyped                               ;
; ECC_PIPELINE_STAGE_ENABLED         ; FALSE                ; Untyped                               ;
; WIDTH_ECCSTATUS                    ; 3                    ; Untyped                               ;
; DEVICE_FAMILY                      ; Cyclone IV E         ; Untyped                               ;
; CBXI_PARAMETER                     ; altsyncram_6vh1      ; Untyped                               ;
+------------------------------------+----------------------+---------------------------------------+
Note: In order to hide this table in the UI and the text report file, please set the "Show Parameter Settings in Synthesis Report" option in "Analysis and Synthesis Settings -> More Settings" to "Off".


+----------------------------------------------------------------------------------------------+
; Parameter Settings for Inferred Entity Instance: computational_unit:comp_unit|lpm_mult:Mult0 ;
+------------------------------------------------+--------------+------------------------------+
; Parameter Name                                 ; Value        ; Type                         ;
+------------------------------------------------+--------------+------------------------------+
; AUTO_CARRY_CHAINS                              ; ON           ; AUTO_CARRY                   ;
; IGNORE_CARRY_BUFFERS                           ; OFF          ; IGNORE_CARRY                 ;
; AUTO_CASCADE_CHAINS                            ; ON           ; AUTO_CASCADE                 ;
; IGNORE_CASCADE_BUFFERS                         ; OFF          ; IGNORE_CASCADE               ;
; LPM_WIDTHA                                     ; 4            ; Untyped                      ;
; LPM_WIDTHB                                     ; 4            ; Untyped                      ;
; LPM_WIDTHP                                     ; 8            ; Untyped                      ;
; LPM_WIDTHR                                     ; 8            ; Untyped                      ;
; LPM_WIDTHS                                     ; 1            ; Untyped                      ;
; LPM_REPRESENTATION                             ; UNSIGNED     ; Untyped                      ;
; LPM_PIPELINE                                   ; 0            ; Untyped                      ;
; LATENCY                                        ; 0            ; Untyped                      ;
; INPUT_A_IS_CONSTANT                            ; NO           ; Untyped                      ;
; INPUT_B_IS_CONSTANT                            ; NO           ; Untyped                      ;
; USE_EAB                                        ; OFF          ; Untyped                      ;
; MAXIMIZE_SPEED                                 ; 5            ; Untyped                      ;
; DEVICE_FAMILY                                  ; Cyclone IV E ; Untyped                      ;
; CARRY_CHAIN                                    ; MANUAL       ; Untyped                      ;
; APEX20K_TECHNOLOGY_MAPPER                      ; LUT          ; TECH_MAPPER_APEX20K          ;
; DEDICATED_MULTIPLIER_CIRCUITRY                 ; AUTO         ; Untyped                      ;
; DEDICATED_MULTIPLIER_MIN_INPUT_WIDTH_FOR_AUTO  ; 0            ; Untyped                      ;
; DEDICATED_MULTIPLIER_MIN_OUTPUT_WIDTH_FOR_AUTO ; 0            ; Untyped                      ;
; CBXI_PARAMETER                                 ; mult_j8t     ; Untyped                      ;
; INPUT_A_FIXED_VALUE                            ; Bx           ; Untyped                      ;
; INPUT_B_FIXED_VALUE                            ; Bx           ; Untyped                      ;
; USE_AHDL_IMPLEMENTATION                        ; OFF          ; Untyped                      ;
+------------------------------------------------+--------------+------------------------------+
Note: In order to hide this table in the UI and the text report file, please set the "Show Parameter Settings in Synthesis Report" option in "Analysis and Synthesis Settings -> More Settings" to "Off".


+-----------------------------------------------------------------------------------------------------+
; altsyncram Parameter Settings by Entity Instance                                                    ;
+-------------------------------------------+---------------------------------------------------------+
; Name                                      ; Value                                                   ;
+-------------------------------------------+---------------------------------------------------------+
; Number of entity instances                ; 2                                                       ;
; Entity Instance                           ; program_memory:prog_mem|altsyncram:altsyncram_component ;
;     -- OPERATION_MODE                     ; ROM                                                     ;
;     -- WIDTH_A                            ; 8                                                       ;
;     -- NUMWORDS_A                         ; 256                                                     ;
;     -- OUTDATA_REG_A                      ; UNREGISTERED                                            ;
;     -- WIDTH_B                            ; 1                                                       ;
;     -- NUMWORDS_B                         ; 1                                                       ;
;     -- ADDRESS_REG_B                      ; CLOCK1                                                  ;
;     -- OUTDATA_REG_B                      ; UNREGISTERED                                            ;
;     -- RAM_BLOCK_TYPE                     ; AUTO                                                    ;
;     -- READ_DURING_WRITE_MODE_MIXED_PORTS ; DONT_CARE                                               ;
; Entity Instance                           ; data_memory:data_mem|altsyncram:altsyncram_component    ;
;     -- OPERATION_MODE                     ; SINGLE_PORT                                             ;
;     -- WIDTH_A                            ; 4                                                       ;
;     -- NUMWORDS_A                         ; 16                                                      ;
;     -- OUTDATA_REG_A                      ; UNREGISTERED                                            ;
;     -- WIDTH_B                            ; 1                                                       ;
;     -- NUMWORDS_B                         ; 1                                                       ;
;     -- ADDRESS_REG_B                      ; CLOCK1                                                  ;
;     -- OUTDATA_REG_B                      ; UNREGISTERED                                            ;
;     -- RAM_BLOCK_TYPE                     ; M9K                                                     ;
;     -- READ_DURING_WRITE_MODE_MIXED_PORTS ; DONT_CARE                                               ;
+-------------------------------------------+---------------------------------------------------------+


+-------------------------------------------------------------------------------------+
; lpm_mult Parameter Settings by Entity Instance                                      ;
+---------------------------------------+---------------------------------------------+
; Name                                  ; Value                                       ;
+---------------------------------------+---------------------------------------------+
; Number of entity instances            ; 1                                           ;
; Entity Instance                       ; computational_unit:comp_unit|lpm_mult:Mult0 ;
;     -- LPM_WIDTHA                     ; 4                                           ;
;     -- LPM_WIDTHB                     ; 4                                           ;
;     -- LPM_WIDTHP                     ; 8                                           ;
;     -- LPM_REPRESENTATION             ; UNSIGNED                                    ;
;     -- INPUT_A_IS_CONSTANT            ; NO                                          ;
;     -- INPUT_B_IS_CONSTANT            ; NO                                          ;
;     -- USE_EAB                        ; OFF                                         ;
;     -- DEDICATED_MULTIPLIER_CIRCUITRY ; AUTO                                        ;
;     -- INPUT_A_FIXED_VALUE            ; Bx                                          ;
;     -- INPUT_B_FIXED_VALUE            ; Bx                                          ;
+---------------------------------------+---------------------------------------------+


+-----------------------------------------------------+
; Post-Synthesis Netlist Statistics for Top Partition ;
+-----------------------+-----------------------------+
; Type                  ; Count                       ;
+-----------------------+-----------------------------+
; boundary_port         ; 43                          ;
; cycloneiii_ff         ; 50                          ;
;     ENA               ; 28                          ;
;     ENA SLD           ; 5                           ;
;     plain             ; 17                          ;
; cycloneiii_lcell_comb ; 174                         ;
;     arith             ; 28                          ;
;         2 data inputs ; 9                           ;
;         3 data inputs ; 19                          ;
;     normal            ; 146                         ;
;         1 data inputs ; 2                           ;
;         2 data inputs ; 13                          ;
;         3 data inputs ; 26                          ;
;         4 data inputs ; 105                         ;
; cycloneiii_ram_block  ; 12                          ;
;                       ;                             ;
; Max LUT depth         ; 9.20                        ;
; Average LUT depth     ; 5.79                        ;
+-----------------------+-----------------------------+


+-------------------------------+
; Elapsed Time Per Partition    ;
+----------------+--------------+
; Partition Name ; Elapsed Time ;
+----------------+--------------+
; Top            ; 00:00:01     ;
+----------------+--------------+


+-------------------------------+
; Analysis & Synthesis Messages ;
+-------------------------------+
Info: *******************************************************************
Info: Running Quartus Prime Analysis & Synthesis
    Info: Version 18.1.0 Build 625 09/12/2018 SJ Lite Edition
    Info: Processing started: Tue Dec 01 18:46:51 2020
Info: Command: quartus_map --read_settings_files=on --write_settings_files=off cme_341_microprocessor -c cme_341_microprocessor
Warning (18236): Number of processors has not been specified which may cause overloading on shared machines.  Set the global assignment NUM_PARALLEL_PROCESSORS in your QSF to an appropriate value for best performance.
Info (20030): Parallel compilation is enabled and will use 4 of the 4 processors detected
Info (12021): Found 1 design units, including 1 entities, in source file program_sequencer.sv
    Info (12023): Found entity 1: program_sequencer File: C:/uni_folder/cme341/cme_341_microprocessor/program_sequencer.sv Line: 1
Info (12021): Found 1 design units, including 1 entities, in source file instruction_decoder.sv
    Info (12023): Found entity 1: instruction_decoder File: C:/uni_folder/cme341/cme_341_microprocessor/instruction_decoder.sv Line: 1
Info (12021): Found 1 design units, including 1 entities, in source file data_memory.v
    Info (12023): Found entity 1: data_memory File: C:/uni_folder/cme341/cme_341_microprocessor/data_memory.v Line: 39
Info (12021): Found 1 design units, including 1 entities, in source file computational_unit.sv
    Info (12023): Found entity 1: computational_unit File: C:/uni_folder/cme341/cme_341_microprocessor/computational_unit.sv Line: 1
Info (12021): Found 1 design units, including 1 entities, in source file cme_341_microprocessor.sv
    Info (12023): Found entity 1: cme_341_microprocessor File: C:/uni_folder/cme341/cme_341_microprocessor/cme_341_microprocessor.sv Line: 1
Info (12021): Found 1 design units, including 1 entities, in source file program_memory.v
    Info (12023): Found entity 1: program_memory File: C:/uni_folder/cme341/cme_341_microprocessor/program_memory.v Line: 39
Info (12127): Elaborating entity "cme_341_microprocessor" for the top level hierarchy
Info (12128): Elaborating entity "program_sequencer" for hierarchy "program_sequencer:prog_sequencer" File: C:/uni_folder/cme341/cme_341_microprocessor/cme_341_microprocessor.sv Line: 38
Info (12128): Elaborating entity "program_memory" for hierarchy "program_memory:prog_mem" File: C:/uni_folder/cme341/cme_341_microprocessor/cme_341_microprocessor.sv Line: 43
Info (12128): Elaborating entity "altsyncram" for hierarchy "program_memory:prog_mem|altsyncram:altsyncram_component" File: C:/uni_folder/cme341/cme_341_microprocessor/program_memory.v Line: 81
Info (12130): Elaborated megafunction instantiation "program_memory:prog_mem|altsyncram:altsyncram_component" File: C:/uni_folder/cme341/cme_341_microprocessor/program_memory.v Line: 81
Info (12133): Instantiated megafunction "program_memory:prog_mem|altsyncram:altsyncram_component" with the following parameter: File: C:/uni_folder/cme341/cme_341_microprocessor/program_memory.v Line: 81
    Info (12134): Parameter "address_aclr_a" = "NONE"
    Info (12134): Parameter "clock_enable_input_a" = "BYPASS"
    Info (12134): Parameter "clock_enable_output_a" = "BYPASS"
    Info (12134): Parameter "init_file" = "rom.hex"
    Info (12134): Parameter "intended_device_family" = "Cyclone IV E"
    Info (12134): Parameter "lpm_hint" = "ENABLE_RUNTIME_MOD=NO"
    Info (12134): Parameter "lpm_type" = "altsyncram"
    Info (12134): Parameter "numwords_a" = "256"
    Info (12134): Parameter "operation_mode" = "ROM"
    Info (12134): Parameter "outdata_aclr_a" = "NONE"
    Info (12134): Parameter "outdata_reg_a" = "UNREGISTERED"
    Info (12134): Parameter "widthad_a" = "8"
    Info (12134): Parameter "width_a" = "8"
    Info (12134): Parameter "width_byteena_a" = "1"
Info (12021): Found 1 design units, including 1 entities, in source file db/altsyncram_cl91.tdf
    Info (12023): Found entity 1: altsyncram_cl91 File: C:/uni_folder/cme341/cme_341_microprocessor/db/altsyncram_cl91.tdf Line: 27
Info (12128): Elaborating entity "altsyncram_cl91" for hierarchy "program_memory:prog_mem|altsyncram:altsyncram_component|altsyncram_cl91:auto_generated" File: c:/intelfpga_lite/18.1/quartus/libraries/megafunctions/altsyncram.tdf Line: 791
Info (12128): Elaborating entity "instruction_decoder" for hierarchy "instruction_decoder:instr_decoder" File: C:/uni_folder/cme341/cme_341_microprocessor/cme_341_microprocessor.sv Line: 56
Warning (10240): Verilog HDL Always Construct warning at instruction_decoder.sv(32): inferring latch(es) for variable "x_sel", which holds its previous value in one or more paths through the always construct File: C:/uni_folder/cme341/cme_341_microprocessor/instruction_decoder.sv Line: 32
Warning (10240): Verilog HDL Always Construct warning at instruction_decoder.sv(37): inferring latch(es) for variable "y_sel", which holds its previous value in one or more paths through the always construct File: C:/uni_folder/cme341/cme_341_microprocessor/instruction_decoder.sv Line: 37
Info (10041): Inferred latch for "y_sel" at instruction_decoder.sv(38) File: C:/uni_folder/cme341/cme_341_microprocessor/instruction_decoder.sv Line: 38
Info (10041): Inferred latch for "x_sel" at instruction_decoder.sv(33) File: C:/uni_folder/cme341/cme_341_microprocessor/instruction_decoder.sv Line: 33
Info (12128): Elaborating entity "computational_unit" for hierarchy "computational_unit:comp_unit" File: C:/uni_folder/cme341/cme_341_microprocessor/cme_341_microprocessor.sv Line: 73
Warning (10230): Verilog HDL assignment warning at computational_unit.sv(47): truncated value with size 4 to match size of target (1) File: C:/uni_folder/cme341/cme_341_microprocessor/computational_unit.sv Line: 47
Info (12128): Elaborating entity "data_memory" for hierarchy "data_memory:data_mem" File: C:/uni_folder/cme341/cme_341_microprocessor/cme_341_microprocessor.sv Line: 81
Info (12128): Elaborating entity "altsyncram" for hierarchy "data_memory:data_mem|altsyncram:altsyncram_component" File: C:/uni_folder/cme341/cme_341_microprocessor/data_memory.v Line: 85
Info (12130): Elaborated megafunction instantiation "data_memory:data_mem|altsyncram:altsyncram_component" File: C:/uni_folder/cme341/cme_341_microprocessor/data_memory.v Line: 85
Info (12133): Instantiated megafunction "data_memory:data_mem|altsyncram:altsyncram_component" with the following parameter: File: C:/uni_folder/cme341/cme_341_microprocessor/data_memory.v Line: 85
    Info (12134): Parameter "clock_enable_input_a" = "BYPASS"
    Info (12134): Parameter "clock_enable_output_a" = "BYPASS"
    Info (12134): Parameter "intended_device_family" = "Cyclone IV E"
    Info (12134): Parameter "lpm_hint" = "ENABLE_RUNTIME_MOD=NO"
    Info (12134): Parameter "lpm_type" = "altsyncram"
    Info (12134): Parameter "numwords_a" = "16"
    Info (12134): Parameter "operation_mode" = "SINGLE_PORT"
    Info (12134): Parameter "outdata_aclr_a" = "NONE"
    Info (12134): Parameter "outdata_reg_a" = "UNREGISTERED"
    Info (12134): Parameter "power_up_uninitialized" = "FALSE"
    Info (12134): Parameter "ram_block_type" = "M9K"
    Info (12134): Parameter "read_during_write_mode_port_a" = "NEW_DATA_NO_NBE_READ"
    Info (12134): Parameter "widthad_a" = "4"
    Info (12134): Parameter "width_a" = "4"
    Info (12134): Parameter "width_byteena_a" = "1"
Info (12021): Found 1 design units, including 1 entities, in source file db/altsyncram_6vh1.tdf
    Info (12023): Found entity 1: altsyncram_6vh1 File: C:/uni_folder/cme341/cme_341_microprocessor/db/altsyncram_6vh1.tdf Line: 27
Info (12128): Elaborating entity "altsyncram_6vh1" for hierarchy "data_memory:data_mem|altsyncram:altsyncram_component|altsyncram_6vh1:auto_generated" File: c:/intelfpga_lite/18.1/quartus/libraries/megafunctions/altsyncram.tdf Line: 791
Info (278001): Inferred 1 megafunctions from design logic
    Info (278003): Inferred multiplier megafunction ("lpm_mult") from the following logic: "computational_unit:comp_unit|Mult0" File: C:/uni_folder/cme341/cme_341_microprocessor/computational_unit.sv Line: 103
Info (12130): Elaborated megafunction instantiation "computational_unit:comp_unit|lpm_mult:Mult0" File: C:/uni_folder/cme341/cme_341_microprocessor/computational_unit.sv Line: 103
Info (12133): Instantiated megafunction "computational_unit:comp_unit|lpm_mult:Mult0" with the following parameter: File: C:/uni_folder/cme341/cme_341_microprocessor/computational_unit.sv Line: 103
    Info (12134): Parameter "LPM_WIDTHA" = "4"
    Info (12134): Parameter "LPM_WIDTHB" = "4"
    Info (12134): Parameter "LPM_WIDTHP" = "8"
    Info (12134): Parameter "LPM_WIDTHR" = "8"
    Info (12134): Parameter "LPM_WIDTHS" = "1"
    Info (12134): Parameter "LPM_REPRESENTATION" = "UNSIGNED"
    Info (12134): Parameter "INPUT_A_IS_CONSTANT" = "NO"
    Info (12134): Parameter "INPUT_B_IS_CONSTANT" = "NO"
    Info (12134): Parameter "MAXIMIZE_SPEED" = "5"
Info (12021): Found 1 design units, including 1 entities, in source file db/mult_j8t.tdf
    Info (12023): Found entity 1: mult_j8t File: C:/uni_folder/cme341/cme_341_microprocessor/db/mult_j8t.tdf Line: 28
Warning (14284): Synthesized away the following node(s):
    Warning (14285): Synthesized away the following LCELL buffer node(s):
        Warning (14320): Synthesized away node "computational_unit:comp_unit|lpm_mult:Mult0|mult_j8t:auto_generated|le5a[4]" File: C:/uni_folder/cme341/cme_341_microprocessor/db/mult_j8t.tdf Line: 42
Info (13014): Ignored 48 buffer(s)
    Info (13016): Ignored 4 CARRY_SUM buffer(s)
    Info (13019): Ignored 44 SOFT buffer(s)
Info (286030): Timing-Driven Synthesis is running
Info (144001): Generated suppressed messages file C:/uni_folder/cme341/cme_341_microprocessor/output_files/cme_341_microprocessor.map.smsg
Info (16010): Generating hard_block partition "hard_block:auto_generated_inst"
    Info (16011): Adding 0 node(s), including 0 DDIO, 0 PLL, 0 transceiver and 0 LCELL
Info (21057): Implemented 273 device resources after synthesis - the final resource count might be different
    Info (21058): Implemented 6 input pins
    Info (21059): Implemented 37 output pins
    Info (21061): Implemented 218 logic cells
    Info (21064): Implemented 12 RAM segments
Info: Quartus Prime Analysis & Synthesis was successful. 0 errors, 7 warnings
    Info: Peak virtual memory: 4775 megabytes
    Info: Processing ended: Tue Dec 01 18:47:06 2020
    Info: Elapsed time: 00:00:15
    Info: Total CPU time (on all processors): 00:00:26


+------------------------------------------+
; Analysis & Synthesis Suppressed Messages ;
+------------------------------------------+
The suppressed messages can be found in C:/uni_folder/cme341/cme_341_microprocessor/output_files/cme_341_microprocessor.map.smsg.


